<?xml version="1.0" encoding="UTF-8"?>
<!-- Generated by org.testng.reporters.JUnitReportReporter -->
<testsuite skipped="0" hostname="Divyas-Air.home" name="utils.ExcelUtils" tests="1" failures="0" timestamp="20 Jan 2019 17:09:11 GMT" time="0.975" errors="0">
  <testcase name="getCellDataNumber" time="0.975" classname="utils.ExcelUtils"/>
</testsuite> <!-- utils.ExcelUtils -->
