<?xml version="1.0" encoding="UTF-8"?>
<!-- Generated by org.testng.reporters.JUnitReportReporter -->
<testsuite skipped="0" hostname="Divyas-Air.home" name="seleniumAdvanced.Log4j2Demo" tests="1" failures="0" timestamp="19 Jan 2019 18:32:56 GMT" time="0.027" errors="0">
  <testcase name="performSomeTask" time="0.027" classname="seleniumAdvanced.Log4j2Demo"/>
</testsuite> <!-- seleniumAdvanced.Log4j2Demo -->
