<?xml version="1.0" encoding="UTF-8"?>
<!-- Generated by org.testng.reporters.JUnitReportReporter -->
<testsuite skipped="0" hostname="Divyas-Air.home" name="headlessBrowserTesting.Verifytitle" tests="1" failures="0" timestamp="04 Jan 2019 16:45:25 GMT" time="3.977" errors="0">
  <testcase name="verifyFacebookTitle" time="3.977" classname="headlessBrowserTesting.Verifytitle"/>
</testsuite> <!-- headlessBrowserTesting.Verifytitle -->
