<?xml version="1.0" encoding="UTF-8"?>
<!-- Generated by org.testng.reporters.JUnitReportReporter -->
<testsuite skipped="0" hostname="Divyas-Air.home" name="seleniumAdvanced.ScrollDemo" tests="1" failures="0" timestamp="04 Jan 2019 09:04:55 GMT" time="8.101" errors="0">
  <testcase name="scrollPageDown" time="8.101" classname="seleniumAdvanced.ScrollDemo"/>
</testsuite> <!-- seleniumAdvanced.ScrollDemo -->
