<?xml version="1.0" encoding="UTF-8"?>
<!-- Generated by org.testng.reporters.JUnitReportReporter -->
<testsuite skipped="0" hostname="Divyas-Air.home" name="seleniumAdvanced.MouseHoverDemo" tests="1" failures="0" timestamp="04 Jan 2019 09:32:38 GMT" time="8.175" errors="0">
  <testcase name="performMouseHover" time="8.175" classname="seleniumAdvanced.MouseHoverDemo"/>
</testsuite> <!-- seleniumAdvanced.MouseHoverDemo -->
