<?xml version="1.0" encoding="UTF-8"?>
<!-- Generated by org.testng.reporters.JUnitReportReporter -->
<testsuite skipped="0" hostname="Divyas-Air.home" name="testScript_WordPress.LoginTestUsingBaseClass" tests="2" failures="0" timestamp="15 Jan 2019 23:47:19 GMT" time="9.410" errors="0">
  <testcase name="invalidLogin" time="2.929" classname="testScript_WordPress.LoginTestUsingBaseClass"/>
  <testcase name="validLogin" time="6.481" classname="testScript_WordPress.LoginTestUsingBaseClass"/>
</testsuite> <!-- testScript_WordPress.LoginTestUsingBaseClass -->
