<?xml version="1.0" encoding="UTF-8"?>
<!-- Generated by org.testng.reporters.JUnitReportReporter -->
<testsuite skipped="0" hostname="Divyas-Air.home" name="seleniumBasics.WordPressScreenShot" tests="1" failures="0" timestamp="03 Jan 2019 16:02:29 GMT" time="3.246" errors="0">
  <testcase name="captureScreenshot" time="3.246" classname="seleniumBasics.WordPressScreenShot"/>
</testsuite> <!-- seleniumBasics.WordPressScreenShot -->
