<?xml version="1.0" encoding="UTF-8"?>
<!-- Generated by org.testng.reporters.JUnitReportReporter -->
<testsuite skipped="0" hostname="Divyas-Air.home" name="testScript_WordPress.TestScreenshot" tests="1" failures="0" timestamp="03 Jan 2019 16:18:46 GMT" time="3.140" errors="0">
  <testcase name="testScreenshotWordpress" time="3.140" classname="testScript_WordPress.TestScreenshot"/>
</testsuite> <!-- testScript_WordPress.TestScreenshot -->
