<?xml version="1.0" encoding="UTF-8"?>
<!-- Generated by org.testng.reporters.JUnitReportReporter -->
<testsuite skipped="0" hostname="Divyas-Air.home" name="testScript_WordPress.TestWordPress" tests="1" failures="0" timestamp="03 Jan 2019 17:07:04 GMT" time="3.753" errors="0">
  <testcase name="testWPLoginPage" time="3.753" classname="testScript_WordPress.TestWordPress"/>
</testsuite> <!-- testScript_WordPress.TestWordPress -->
